<?xml version="1.0" encoding="UTF-8"?>
<!-- Generated by org.testng.reporters.JUnitReportReporter -->
<testsuite hostname="DESKTOP-58EEA0E" failures="0" tests="1" name="com.nopcommerce.testCases.TC_Login_001" time="14.562" errors="0" timestamp="11 Mar 2021 02:16:15 GMT" skipped="0">
  <testcase classname="com.nopcommerce.testCases.TC_Login_001" name="loginTest" time="14.562"/>
</testsuite> <!-- com.nopcommerce.testCases.TC_Login_001 -->
