<?xml version="1.0" encoding="UTF-8"?>
<!-- Generated by org.testng.reporters.JUnitReportReporter -->
<testsuite hostname="DESKTOP-58EEA0E" failures="0" tests="1" name="com.nopcommerce.testCases.TC_AddCustomerTest_003" time="27.570" errors="0" timestamp="11 Mar 2021 02:16:15 GMT" skipped="0">
  <testcase classname="com.nopcommerce.testCases.TC_AddCustomerTest_003" name="addNewCustomer" time="27.570"/>
</testsuite> <!-- com.nopcommerce.testCases.TC_AddCustomerTest_003 -->
