<?xml version="1.0" encoding="UTF-8"?>
<!-- Generated by org.testng.reporters.JUnitReportReporter -->
<testsuite hostname="DESKTOP-58EEA0E" failures="0" tests="1" name="com.nopcommerce.testCases.TC_Login_001" time="9.403" errors="0" timestamp="11 Mar 2021 16:39:57 GMT" skipped="0">
  <testcase classname="com.nopcommerce.testCases.TC_Login_001" name="loginTest" time="9.403"/>
</testsuite> <!-- com.nopcommerce.testCases.TC_Login_001 -->
